Arguments: 
  /usr/local/bin/node /usr/local/bin/yarn

PATH: 
  /usr/local/bin:/usr/bin:/bin:/usr/sbin:/sbin:/Library/Frameworks/Mono.framework/Versions/Current/Commands:/Volumes/Mac2/CHUKUI/LIBS/mongodb-osx-x86_64-3.4.9/bin:/Volumes/Mac2/CHUKUI/LIBS/mongodb-osx-x86_64-3.4.9/bin

Yarn version: 
  1.3.2

Node version: 
  8.9.1

Platform: 
  darwin x64

npm manifest: 
  {
      "name": "next_recycle",
      "version": "1.0.0",
      "description": "",
      "main": "index.js",
      "scripts": {
        "test": "echo \"Error: no test specified\" && exit 1",
        "dev": "next",
        "build": "next build",
        "start": "next start"
      },
      "author": "",
      "license": "ISC",
      "dependencies": {
        "antd": "^2.13.3",
        "autoprefixer": "6.7.6",
        "axios": "^0.16.2",
        "babel-plugin-import": "^1.5.0",
        "babel-plugin-module-resolver": "2.5.0",
        "babel-plugin-transform-assets-import-to-string": "^1.0.1",
        "babel-plugin-wrap-in-js": "^1.1.0",
        "element-resize-event": "^2.0.9",
        "es6-promise": "^4.1.1",
        "express": "^4.16.2",
        "fetch": "^1.1.0",
        "glob": "7.1.1",
        "isomorphic-fetch": "^2.2.1",
        "next": "latest",
        "node-sass": "^4.4.0",
        "normalize.css": "5.0.0",
        "nprogress": "^0.2.0",
        "postcss-easy-import": "2.0.0",
        "postcss-loader": "1.3.3",
        "raw-loader": "^0.5.1",
        "react": "^16.0.0",
        "react-dom": "^16.0.0",
        "sass-loader": "^4.1.1",
        "vhost": "^3.0.2"
      },
      "devDependencies": {
        "babel-plugin-transform-decorators-legacy": "^1.3.4"
      }
    }

yarn manifest: 
  No manifest

Lockfile: 
  No lockfile

Trace: 
  Error: https://registry.yarnpkg.com/antd: tunneling socket could not be established, cause=Parse Error
      at ClientRequest.onError (/usr/local/lib/node_modules/yarn/lib/cli.js:137335:17)
      at Object.onceWrapper (events.js:315:30)
      at emitOne (events.js:116:13)
      at ClientRequest.emit (events.js:211:7)
      at Socket.socketOnData (_http_client.js:445:9)
      at emitOne (events.js:116:13)
      at Socket.emit (events.js:211:7)
      at addChunk (_stream_readable.js:263:12)
      at readableAddChunk (_stream_readable.js:250:11)
      at Socket.Readable.push (_stream_readable.js:208:10)
